{"/Users/gil/Documents/GitHub/nodejs-homework-node-contacts/app.js": {"path":"/Users/gil/Documents/GitHub/nodejs-homework-node-contacts/app.js","statementMap":{"0":{"start":{"line":1,"column":16},"end":{"line":1,"column":34}},"1":{"start":{"line":2,"column":15},"end":{"line":2,"column":32}},"2":{"start":{"line":3,"column":13},"end":{"line":3,"column":28}},"3":{"start":{"line":4,"column":15},"end":{"line":4,"column":32}},"4":{"start":{"line":5,"column":19},"end":{"line":5,"column":51}},"5":{"start":{"line":6,"column":18},"end":{"line":6,"column":47}},"6":{"start":{"line":8,"column":20},"end":{"line":8,"column":45}},"7":{"start":{"line":9,"column":23},"end":{"line":9,"column":51}},"8":{"start":{"line":10,"column":21},"end":{"line":10,"column":50}},"9":{"start":{"line":12,"column":12},"end":{"line":12,"column":21}},"10":{"start":{"line":14,"column":22},"end":{"line":14,"column":72}},"11":{"start":{"line":16,"column":0},"end":{"line":16,"column":18}},"12":{"start":{"line":17,"column":0},"end":{"line":17,"column":31}},"13":{"start":{"line":18,"column":0},"end":{"line":18,"column":34}},"14":{"start":{"line":20,"column":16},"end":{"line":30,"column":2}},"15":{"start":{"line":24,"column":4},"end":{"line":28,"column":7}},"16":{"start":{"line":32,"column":0},"end":{"line":32,"column":17}},"17":{"start":{"line":33,"column":0},"end":{"line":40,"column":2}},"18":{"start":{"line":41,"column":0},"end":{"line":41,"column":24}},"19":{"start":{"line":42,"column":0},"end":{"line":42,"column":22}},"20":{"start":{"line":44,"column":0},"end":{"line":44,"column":35}},"21":{"start":{"line":45,"column":0},"end":{"line":45,"column":41}},"22":{"start":{"line":47,"column":0},"end":{"line":49,"column":3}},"23":{"start":{"line":48,"column":2},"end":{"line":48,"column":49}},"24":{"start":{"line":51,"column":0},"end":{"line":58,"column":3}},"25":{"start":{"line":52,"column":17},"end":{"line":52,"column":34}},"26":{"start":{"line":53,"column":2},"end":{"line":57,"column":5}},"27":{"start":{"line":60,"column":0},"end":{"line":60,"column":21}}},"fnMap":{"0":{"name":"(anonymous_0)","decl":{"start":{"line":23,"column":11},"end":{"line":23,"column":12}},"loc":{"start":{"line":23,"column":31},"end":{"line":29,"column":3}},"line":23},"1":{"name":"(anonymous_1)","decl":{"start":{"line":47,"column":8},"end":{"line":47,"column":9}},"loc":{"start":{"line":47,"column":22},"end":{"line":49,"column":1}},"line":47},"2":{"name":"(anonymous_2)","decl":{"start":{"line":51,"column":8},"end":{"line":51,"column":9}},"loc":{"start":{"line":51,"column":33},"end":{"line":58,"column":1}},"line":51}},"branchMap":{"0":{"loc":{"start":{"line":14,"column":22},"end":{"line":14,"column":72}},"type":"cond-expr","locations":[{"start":{"line":14,"column":57},"end":{"line":14,"column":62}},{"start":{"line":14,"column":65},"end":{"line":14,"column":72}}],"line":14},"1":{"loc":{"start":{"line":52,"column":17},"end":{"line":52,"column":34}},"type":"binary-expr","locations":[{"start":{"line":52,"column":17},"end":{"line":52,"column":27}},{"start":{"line":52,"column":31},"end":{"line":52,"column":34}}],"line":52},"2":{"loc":{"start":{"line":54,"column":12},"end":{"line":54,"column":45}},"type":"cond-expr","locations":[{"start":{"line":54,"column":29},"end":{"line":54,"column":35}},{"start":{"line":54,"column":38},"end":{"line":54,"column":45}}],"line":54}},"s":{"0":2,"1":2,"2":2,"3":2,"4":2,"5":2,"6":2,"7":2,"8":2,"9":2,"10":2,"11":2,"12":2,"13":2,"14":2,"15":0,"16":2,"17":2,"18":2,"19":2,"20":2,"21":2,"22":2,"23":0,"24":2,"25":6,"26":6,"27":2},"f":{"0":0,"1":0,"2":6},"b":{"0":[0,2],"1":[6,0],"2":[0,6]},"_coverageSchema":"1a1c01bbd47fc00a2c39e90264f33305004495a9","hash":"012b9c37576440468f2b60978a5e930cf46d8eef"}
,"/Users/gil/Documents/GitHub/nodejs-homework-node-contacts/config/password.js": {"path":"/Users/gil/Documents/GitHub/nodejs-homework-node-contacts/config/password.js","statementMap":{"0":{"start":{"line":1,"column":17},"end":{"line":1,"column":36}},"1":{"start":{"line":2,"column":33},"end":{"line":2,"column":56}},"2":{"start":{"line":3,"column":13},"end":{"line":3,"column":38}},"3":{"start":{"line":4,"column":0},"end":{"line":4,"column":27}},"4":{"start":{"line":5,"column":23},"end":{"line":5,"column":49}},"5":{"start":{"line":7,"column":13},"end":{"line":10,"column":1}},"6":{"start":{"line":12,"column":0},"end":{"line":27,"column":2}},"7":{"start":{"line":14,"column":4},"end":{"line":25,"column":5}},"8":{"start":{"line":15,"column":19},"end":{"line":15,"column":50}},"9":{"start":{"line":16,"column":6},"end":{"line":18,"column":7}},"10":{"start":{"line":17,"column":8},"end":{"line":17,"column":56}},"11":{"start":{"line":19,"column":6},"end":{"line":21,"column":7}},"12":{"start":{"line":20,"column":8},"end":{"line":20,"column":33}},"13":{"start":{"line":22,"column":6},"end":{"line":22,"column":30}},"14":{"start":{"line":24,"column":6},"end":{"line":24,"column":30}}},"fnMap":{"0":{"name":"(anonymous_0)","decl":{"start":{"line":13,"column":21},"end":{"line":13,"column":22}},"loc":{"start":{"line":13,"column":46},"end":{"line":26,"column":3}},"line":13}},"branchMap":{"0":{"loc":{"start":{"line":16,"column":6},"end":{"line":18,"column":7}},"type":"if","locations":[{"start":{"line":16,"column":6},"end":{"line":18,"column":7}},{"start":{"line":16,"column":6},"end":{"line":18,"column":7}}],"line":16},"1":{"loc":{"start":{"line":19,"column":6},"end":{"line":21,"column":7}},"type":"if","locations":[{"start":{"line":19,"column":6},"end":{"line":21,"column":7}},{"start":{"line":19,"column":6},"end":{"line":21,"column":7}}],"line":19}},"s":{"0":3,"1":3,"2":3,"3":3,"4":3,"5":3,"6":3,"7":18,"8":18,"9":18,"10":0,"11":18,"12":0,"13":18,"14":0},"f":{"0":18},"b":{"0":[0,18],"1":[0,18]},"_coverageSchema":"1a1c01bbd47fc00a2c39e90264f33305004495a9","hash":"ed112a41ffc4e5064875d4f84a80d90b422071c0"}
,"/Users/gil/Documents/GitHub/nodejs-homework-node-contacts/controllers/contacts.js": {"path":"/Users/gil/Documents/GitHub/nodejs-homework-node-contacts/controllers/contacts.js","statementMap":{"0":{"start":{"line":1,"column":17},"end":{"line":1,"column":45}},"1":{"start":{"line":2,"column":21},"end":{"line":2,"column":51}},"2":{"start":{"line":4,"column":15},"end":{"line":16,"column":1}},"3":{"start":{"line":5,"column":2},"end":{"line":15,"column":3}},"4":{"start":{"line":6,"column":19},"end":{"line":6,"column":31}},"5":{"start":{"line":7,"column":21},"end":{"line":7,"column":67}},"6":{"start":{"line":8,"column":4},"end":{"line":12,"column":7}},"7":{"start":{"line":14,"column":4},"end":{"line":14,"column":16}},"8":{"start":{"line":18,"column":16},"end":{"line":39,"column":1}},"9":{"start":{"line":19,"column":2},"end":{"line":38,"column":3}},"10":{"start":{"line":20,"column":19},"end":{"line":20,"column":31}},"11":{"start":{"line":21,"column":20},"end":{"line":21,"column":72}},"12":{"start":{"line":22,"column":4},"end":{"line":35,"column":5}},"13":{"start":{"line":23,"column":6},"end":{"line":28,"column":9}},"14":{"start":{"line":30,"column":6},"end":{"line":34,"column":9}},"15":{"start":{"line":37,"column":4},"end":{"line":37,"column":16}},"16":{"start":{"line":41,"column":19},"end":{"line":50,"column":1}},"17":{"start":{"line":42,"column":17},"end":{"line":42,"column":29}},"18":{"start":{"line":43,"column":18},"end":{"line":43,"column":61}},"19":{"start":{"line":44,"column":2},"end":{"line":49,"column":5}},"20":{"start":{"line":52,"column":22},"end":{"line":73,"column":1}},"21":{"start":{"line":53,"column":2},"end":{"line":72,"column":3}},"22":{"start":{"line":54,"column":19},"end":{"line":54,"column":31}},"23":{"start":{"line":55,"column":20},"end":{"line":55,"column":78}},"24":{"start":{"line":56,"column":4},"end":{"line":69,"column":5}},"25":{"start":{"line":57,"column":6},"end":{"line":62,"column":9}},"26":{"start":{"line":64,"column":6},"end":{"line":68,"column":9}},"27":{"start":{"line":71,"column":4},"end":{"line":71,"column":16}},"28":{"start":{"line":75,"column":22},"end":{"line":100,"column":1}},"29":{"start":{"line":76,"column":2},"end":{"line":99,"column":3}},"30":{"start":{"line":77,"column":19},"end":{"line":77,"column":31}},"31":{"start":{"line":78,"column":20},"end":{"line":82,"column":5}},"32":{"start":{"line":83,"column":4},"end":{"line":96,"column":5}},"33":{"start":{"line":84,"column":6},"end":{"line":89,"column":9}},"34":{"start":{"line":91,"column":6},"end":{"line":95,"column":9}},"35":{"start":{"line":98,"column":4},"end":{"line":98,"column":16}},"36":{"start":{"line":102,"column":21},"end":{"line":127,"column":1}},"37":{"start":{"line":103,"column":2},"end":{"line":126,"column":3}},"38":{"start":{"line":104,"column":19},"end":{"line":104,"column":31}},"39":{"start":{"line":105,"column":20},"end":{"line":109,"column":5}},"40":{"start":{"line":110,"column":4},"end":{"line":123,"column":5}},"41":{"start":{"line":111,"column":6},"end":{"line":116,"column":9}},"42":{"start":{"line":118,"column":6},"end":{"line":122,"column":9}},"43":{"start":{"line":125,"column":4},"end":{"line":125,"column":16}},"44":{"start":{"line":129,"column":21},"end":{"line":137,"column":1}},"45":{"start":{"line":130,"column":2},"end":{"line":136,"column":5}},"46":{"start":{"line":139,"column":16},"end":{"line":147,"column":1}},"47":{"start":{"line":140,"column":2},"end":{"line":146,"column":5}},"48":{"start":{"line":149,"column":0},"end":{"line":158,"column":2}}},"fnMap":{"0":{"name":"(anonymous_0)","decl":{"start":{"line":4,"column":15},"end":{"line":4,"column":16}},"loc":{"start":{"line":4,"column":41},"end":{"line":16,"column":1}},"line":4},"1":{"name":"(anonymous_1)","decl":{"start":{"line":18,"column":16},"end":{"line":18,"column":17}},"loc":{"start":{"line":18,"column":42},"end":{"line":39,"column":1}},"line":18},"2":{"name":"(anonymous_2)","decl":{"start":{"line":41,"column":19},"end":{"line":41,"column":20}},"loc":{"start":{"line":41,"column":45},"end":{"line":50,"column":1}},"line":41},"3":{"name":"(anonymous_3)","decl":{"start":{"line":52,"column":22},"end":{"line":52,"column":23}},"loc":{"start":{"line":52,"column":48},"end":{"line":73,"column":1}},"line":52},"4":{"name":"(anonymous_4)","decl":{"start":{"line":75,"column":22},"end":{"line":75,"column":23}},"loc":{"start":{"line":75,"column":48},"end":{"line":100,"column":1}},"line":75},"5":{"name":"(anonymous_5)","decl":{"start":{"line":102,"column":21},"end":{"line":102,"column":22}},"loc":{"start":{"line":102,"column":47},"end":{"line":127,"column":1}},"line":102},"6":{"name":"(anonymous_6)","decl":{"start":{"line":129,"column":21},"end":{"line":129,"column":22}},"loc":{"start":{"line":129,"column":47},"end":{"line":137,"column":1}},"line":129},"7":{"name":"(anonymous_7)","decl":{"start":{"line":139,"column":16},"end":{"line":139,"column":17}},"loc":{"start":{"line":139,"column":42},"end":{"line":147,"column":1}},"line":139}},"branchMap":{"0":{"loc":{"start":{"line":22,"column":4},"end":{"line":35,"column":5}},"type":"if","locations":[{"start":{"line":22,"column":4},"end":{"line":35,"column":5}},{"start":{"line":22,"column":4},"end":{"line":35,"column":5}}],"line":22},"1":{"loc":{"start":{"line":56,"column":4},"end":{"line":69,"column":5}},"type":"if","locations":[{"start":{"line":56,"column":4},"end":{"line":69,"column":5}},{"start":{"line":56,"column":4},"end":{"line":69,"column":5}}],"line":56},"2":{"loc":{"start":{"line":83,"column":4},"end":{"line":96,"column":5}},"type":"if","locations":[{"start":{"line":83,"column":4},"end":{"line":96,"column":5}},{"start":{"line":83,"column":4},"end":{"line":96,"column":5}}],"line":83},"3":{"loc":{"start":{"line":110,"column":4},"end":{"line":123,"column":5}},"type":"if","locations":[{"start":{"line":110,"column":4},"end":{"line":123,"column":5}},{"start":{"line":110,"column":4},"end":{"line":123,"column":5}}],"line":110}},"s":{"0":2,"1":2,"2":2,"3":1,"4":1,"5":1,"6":1,"7":0,"8":2,"9":2,"10":2,"11":2,"12":2,"13":1,"14":1,"15":0,"16":2,"17":1,"18":1,"19":1,"20":2,"21":2,"22":2,"23":2,"24":2,"25":1,"26":1,"27":0,"28":2,"29":2,"30":2,"31":2,"32":2,"33":1,"34":1,"35":0,"36":2,"37":2,"38":2,"39":2,"40":2,"41":1,"42":1,"43":0,"44":2,"45":0,"46":2,"47":0,"48":2},"f":{"0":1,"1":2,"2":1,"3":2,"4":2,"5":2,"6":0,"7":0},"b":{"0":[1,1],"1":[1,1],"2":[1,1],"3":[1,1]},"_coverageSchema":"1a1c01bbd47fc00a2c39e90264f33305004495a9","hash":"5993751825da5928d43c59831682302781c13c6d"}
,"/Users/gil/Documents/GitHub/nodejs-homework-node-contacts/controllers/users.js": {"path":"/Users/gil/Documents/GitHub/nodejs-homework-node-contacts/controllers/users.js","statementMap":{"0":{"start":{"line":1,"column":12},"end":{"line":1,"column":35}},"1":{"start":{"line":2,"column":13},"end":{"line":2,"column":28}},"2":{"start":{"line":3,"column":11},"end":{"line":3,"column":33}},"3":{"start":{"line":4,"column":13},"end":{"line":4,"column":28}},"4":{"start":{"line":5,"column":19},"end":{"line":5,"column":43}},"5":{"start":{"line":6,"column":22},"end":{"line":6,"column":37}},"6":{"start":{"line":7,"column":0},"end":{"line":7,"column":27}},"7":{"start":{"line":8,"column":13},"end":{"line":8,"column":38}},"8":{"start":{"line":9,"column":21},"end":{"line":9,"column":51}},"9":{"start":{"line":10,"column":23},"end":{"line":10,"column":49}},"10":{"start":{"line":12,"column":0},"end":{"line":16,"column":3}},"11":{"start":{"line":18,"column":22},"end":{"line":18,"column":59}},"12":{"start":{"line":20,"column":15},"end":{"line":45,"column":1}},"13":{"start":{"line":21,"column":20},"end":{"line":21,"column":28}},"14":{"start":{"line":22,"column":15},"end":{"line":22,"column":44}},"15":{"start":{"line":23,"column":2},"end":{"line":29,"column":3}},"16":{"start":{"line":24,"column":4},"end":{"line":28,"column":7}},"17":{"start":{"line":30,"column":2},"end":{"line":44,"column":3}},"18":{"start":{"line":31,"column":20},"end":{"line":31,"column":48}},"19":{"start":{"line":32,"column":4},"end":{"line":41,"column":7}},"20":{"start":{"line":43,"column":4},"end":{"line":43,"column":16}},"21":{"start":{"line":47,"column":14},"end":{"line":72,"column":1}},"22":{"start":{"line":48,"column":30},"end":{"line":48,"column":38}},"23":{"start":{"line":49,"column":15},"end":{"line":49,"column":44}},"24":{"start":{"line":50,"column":26},"end":{"line":50,"column":61}},"25":{"start":{"line":51,"column":2},"end":{"line":57,"column":3}},"26":{"start":{"line":52,"column":4},"end":{"line":56,"column":7}},"27":{"start":{"line":58,"column":18},"end":{"line":58,"column":33}},"28":{"start":{"line":59,"column":16},"end":{"line":59,"column":70}},"29":{"start":{"line":60,"column":2},"end":{"line":60,"column":41}},"30":{"start":{"line":61,"column":2},"end":{"line":71,"column":5}},"31":{"start":{"line":74,"column":15},"end":{"line":82,"column":1}},"32":{"start":{"line":75,"column":13},"end":{"line":75,"column":24}},"33":{"start":{"line":76,"column":2},"end":{"line":81,"column":3}},"34":{"start":{"line":77,"column":4},"end":{"line":77,"column":37}},"35":{"start":{"line":78,"column":4},"end":{"line":78,"column":52}},"36":{"start":{"line":80,"column":4},"end":{"line":80,"column":16}},"37":{"start":{"line":84,"column":19},"end":{"line":108,"column":1}},"38":{"start":{"line":85,"column":2},"end":{"line":107,"column":3}},"39":{"start":{"line":86,"column":15},"end":{"line":86,"column":26}},"40":{"start":{"line":87,"column":17},"end":{"line":87,"column":40}},"41":{"start":{"line":88,"column":4},"end":{"line":104,"column":5}},"42":{"start":{"line":89,"column":6},"end":{"line":96,"column":9}},"43":{"start":{"line":98,"column":6},"end":{"line":103,"column":9}},"44":{"start":{"line":106,"column":4},"end":{"line":106,"column":16}},"45":{"start":{"line":110,"column":31},"end":{"line":131,"column":1}},"46":{"start":{"line":111,"column":2},"end":{"line":130,"column":3}},"47":{"start":{"line":112,"column":33},"end":{"line":112,"column":41}},"48":{"start":{"line":114,"column":17},"end":{"line":114,"column":64}},"49":{"start":{"line":116,"column":4},"end":{"line":127,"column":5}},"50":{"start":{"line":117,"column":6},"end":{"line":126,"column":9}},"51":{"start":{"line":129,"column":4},"end":{"line":129,"column":16}},"52":{"start":{"line":133,"column":21},"end":{"line":143,"column":1}},"53":{"start":{"line":134,"column":38},"end":{"line":134,"column":46}},"54":{"start":{"line":136,"column":39},"end":{"line":136,"column":69}},"55":{"start":{"line":137,"column":2},"end":{"line":137,"column":56}},"56":{"start":{"line":138,"column":2},"end":{"line":142,"column":5}},"57":{"start":{"line":169,"column":28},"end":{"line":180,"column":1}},"58":{"start":{"line":170,"column":19},"end":{"line":170,"column":32}},"59":{"start":{"line":173,"column":4},"end":{"line":177,"column":6}},"60":{"start":{"line":178,"column":2},"end":{"line":178,"column":28}},"61":{"start":{"line":179,"column":2},"end":{"line":179,"column":38}},"62":{"start":{"line":181,"column":0},"end":{"line":188,"column":2}}},"fnMap":{"0":{"name":"(anonymous_0)","decl":{"start":{"line":20,"column":15},"end":{"line":20,"column":16}},"loc":{"start":{"line":20,"column":41},"end":{"line":45,"column":1}},"line":20},"1":{"name":"(anonymous_1)","decl":{"start":{"line":47,"column":14},"end":{"line":47,"column":15}},"loc":{"start":{"line":47,"column":40},"end":{"line":72,"column":1}},"line":47},"2":{"name":"(anonymous_2)","decl":{"start":{"line":74,"column":15},"end":{"line":74,"column":16}},"loc":{"start":{"line":74,"column":41},"end":{"line":82,"column":1}},"line":74},"3":{"name":"(anonymous_3)","decl":{"start":{"line":84,"column":19},"end":{"line":84,"column":20}},"loc":{"start":{"line":84,"column":45},"end":{"line":108,"column":1}},"line":84},"4":{"name":"(anonymous_4)","decl":{"start":{"line":110,"column":31},"end":{"line":110,"column":32}},"loc":{"start":{"line":110,"column":57},"end":{"line":131,"column":1}},"line":110},"5":{"name":"(anonymous_5)","decl":{"start":{"line":133,"column":21},"end":{"line":133,"column":22}},"loc":{"start":{"line":133,"column":47},"end":{"line":143,"column":1}},"line":133},"6":{"name":"(anonymous_6)","decl":{"start":{"line":169,"column":28},"end":{"line":169,"column":29}},"loc":{"start":{"line":169,"column":41},"end":{"line":180,"column":1}},"line":169}},"branchMap":{"0":{"loc":{"start":{"line":23,"column":2},"end":{"line":29,"column":3}},"type":"if","locations":[{"start":{"line":23,"column":2},"end":{"line":29,"column":3}},{"start":{"line":23,"column":2},"end":{"line":29,"column":3}}],"line":23},"1":{"loc":{"start":{"line":51,"column":2},"end":{"line":57,"column":3}},"type":"if","locations":[{"start":{"line":51,"column":2},"end":{"line":57,"column":3}},{"start":{"line":51,"column":2},"end":{"line":57,"column":3}}],"line":51},"2":{"loc":{"start":{"line":51,"column":6},"end":{"line":51,"column":31}},"type":"binary-expr","locations":[{"start":{"line":51,"column":6},"end":{"line":51,"column":11}},{"start":{"line":51,"column":15},"end":{"line":51,"column":31}}],"line":51},"3":{"loc":{"start":{"line":88,"column":4},"end":{"line":104,"column":5}},"type":"if","locations":[{"start":{"line":88,"column":4},"end":{"line":104,"column":5}},{"start":{"line":88,"column":4},"end":{"line":104,"column":5}}],"line":88},"4":{"loc":{"start":{"line":116,"column":4},"end":{"line":127,"column":5}},"type":"if","locations":[{"start":{"line":116,"column":4},"end":{"line":127,"column":5}},{"start":{"line":116,"column":4},"end":{"line":127,"column":5}}],"line":116}},"s":{"0":2,"1":2,"2":2,"3":2,"4":2,"5":2,"6":2,"7":2,"8":2,"9":2,"10":2,"11":2,"12":2,"13":2,"14":2,"15":2,"16":1,"17":1,"18":1,"19":1,"20":0,"21":2,"22":2,"23":2,"24":2,"25":2,"26":1,"27":1,"28":1,"29":1,"30":1,"31":2,"32":1,"33":1,"34":1,"35":1,"36":0,"37":2,"38":0,"39":0,"40":0,"41":0,"42":0,"43":0,"44":0,"45":2,"46":0,"47":0,"48":0,"49":0,"50":0,"51":0,"52":2,"53":1,"54":1,"55":1,"56":1,"57":2,"58":1,"59":1,"60":1,"61":1,"62":2},"f":{"0":2,"1":2,"2":1,"3":0,"4":0,"5":1,"6":1},"b":{"0":[1,1],"1":[1,1],"2":[2,1],"3":[0,0],"4":[0,0]},"_coverageSchema":"1a1c01bbd47fc00a2c39e90264f33305004495a9","hash":"18e27c60d9245c23d1eae69aeebd2414843bd887"}
,"/Users/gil/Documents/GitHub/nodejs-homework-node-contacts/helper/constants.js": {"path":"/Users/gil/Documents/GitHub/nodejs-homework-node-contacts/helper/constants.js","statementMap":{"0":{"start":{"line":1,"column":21},"end":{"line":5,"column":1}},"1":{"start":{"line":7,"column":17},"end":{"line":17,"column":1}},"2":{"start":{"line":19,"column":0},"end":{"line":22,"column":2}}},"fnMap":{},"branchMap":{},"s":{"0":4,"1":4,"2":4},"f":{},"b":{},"_coverageSchema":"1a1c01bbd47fc00a2c39e90264f33305004495a9","hash":"db999dea856717ac0447ffe226daa86109e92ca9"}
,"/Users/gil/Documents/GitHub/nodejs-homework-node-contacts/helper/guard.js": {"path":"/Users/gil/Documents/GitHub/nodejs-homework-node-contacts/helper/guard.js","statementMap":{"0":{"start":{"line":1,"column":17},"end":{"line":1,"column":36}},"1":{"start":{"line":2,"column":21},"end":{"line":2,"column":43}},"2":{"start":{"line":3,"column":0},"end":{"line":3,"column":30}},"3":{"start":{"line":5,"column":14},"end":{"line":23,"column":1}},"4":{"start":{"line":6,"column":2},"end":{"line":22,"column":21}},"5":{"start":{"line":7,"column":16},"end":{"line":7,"column":20}},"6":{"start":{"line":8,"column":4},"end":{"line":10,"column":5}},"7":{"start":{"line":9,"column":6},"end":{"line":9,"column":53}},"8":{"start":{"line":12,"column":4},"end":{"line":18,"column":5}},"9":{"start":{"line":13,"column":6},"end":{"line":17,"column":9}},"10":{"start":{"line":19,"column":4},"end":{"line":19,"column":20}},"11":{"start":{"line":21,"column":4},"end":{"line":21,"column":18}},"12":{"start":{"line":25,"column":0},"end":{"line":25,"column":23}}},"fnMap":{"0":{"name":"(anonymous_0)","decl":{"start":{"line":5,"column":14},"end":{"line":5,"column":15}},"loc":{"start":{"line":5,"column":34},"end":{"line":23,"column":1}},"line":5},"1":{"name":"(anonymous_1)","decl":{"start":{"line":6,"column":51},"end":{"line":6,"column":52}},"loc":{"start":{"line":6,"column":66},"end":{"line":22,"column":3}},"line":6}},"branchMap":{"0":{"loc":{"start":{"line":8,"column":4},"end":{"line":10,"column":5}},"type":"if","locations":[{"start":{"line":8,"column":4},"end":{"line":10,"column":5}},{"start":{"line":8,"column":4},"end":{"line":10,"column":5}}],"line":8},"1":{"loc":{"start":{"line":12,"column":4},"end":{"line":18,"column":5}},"type":"if","locations":[{"start":{"line":12,"column":4},"end":{"line":18,"column":5}},{"start":{"line":12,"column":4},"end":{"line":18,"column":5}}],"line":12},"2":{"loc":{"start":{"line":12,"column":8},"end":{"line":12,"column":44}},"type":"binary-expr","locations":[{"start":{"line":12,"column":8},"end":{"line":12,"column":13}},{"start":{"line":12,"column":17},"end":{"line":12,"column":20}},{"start":{"line":12,"column":24},"end":{"line":12,"column":44}}],"line":12}},"s":{"0":3,"1":3,"2":3,"3":3,"4":21,"5":21,"6":21,"7":21,"8":21,"9":2,"10":19,"11":19,"12":3},"f":{"0":21,"1":21},"b":{"0":[21,0],"1":[2,19],"2":[21,20,20]},"_coverageSchema":"1a1c01bbd47fc00a2c39e90264f33305004495a9","hash":"9969d76c8dcfc4958528c02c875196c322b4ee7e"}
,"/Users/gil/Documents/GitHub/nodejs-homework-node-contacts/helper/helper-error.js": {"path":"/Users/gil/Documents/GitHub/nodejs-homework-node-contacts/helper/helper-error.js","statementMap":{"0":{"start":{"line":1,"column":13},"end":{"line":11,"column":1}},"1":{"start":{"line":1,"column":19},"end":{"line":11,"column":1}},"2":{"start":{"line":2,"column":2},"end":{"line":10,"column":3}},"3":{"start":{"line":3,"column":19},"end":{"line":3,"column":43}},"4":{"start":{"line":4,"column":4},"end":{"line":4,"column":18}},"5":{"start":{"line":6,"column":4},"end":{"line":8,"column":5}},"6":{"start":{"line":7,"column":6},"end":{"line":7,"column":21}},"7":{"start":{"line":9,"column":4},"end":{"line":9,"column":12}},"8":{"start":{"line":13,"column":0},"end":{"line":13,"column":22}}},"fnMap":{"0":{"name":"(anonymous_0)","decl":{"start":{"line":1,"column":13},"end":{"line":1,"column":14}},"loc":{"start":{"line":1,"column":19},"end":{"line":11,"column":1}},"line":1},"1":{"name":"(anonymous_1)","decl":{"start":{"line":1,"column":19},"end":{"line":1,"column":20}},"loc":{"start":{"line":1,"column":45},"end":{"line":11,"column":1}},"line":1}},"branchMap":{"0":{"loc":{"start":{"line":6,"column":4},"end":{"line":8,"column":5}},"type":"if","locations":[{"start":{"line":6,"column":4},"end":{"line":8,"column":5}},{"start":{"line":6,"column":4},"end":{"line":8,"column":5}}],"line":6}},"s":{"0":2,"1":2,"2":1,"3":1,"4":1,"5":0,"6":0,"7":0,"8":2},"f":{"0":2,"1":1},"b":{"0":[0,0]},"_coverageSchema":"1a1c01bbd47fc00a2c39e90264f33305004495a9","hash":"509ef97ad3aa6c056acbed73d365cfdf96232f68"}
,"/Users/gil/Documents/GitHub/nodejs-homework-node-contacts/helper/subscription.js": {"path":"/Users/gil/Documents/GitHub/nodejs-homework-node-contacts/helper/subscription.js","statementMap":{"0":{"start":{"line":1,"column":21},"end":{"line":1,"column":43}},"1":{"start":{"line":3,"column":21},"end":{"line":13,"column":1}},"2":{"start":{"line":3,"column":37},"end":{"line":13,"column":1}},"3":{"start":{"line":4,"column":27},"end":{"line":4,"column":48}},"4":{"start":{"line":5,"column":2},"end":{"line":11,"column":3}},"5":{"start":{"line":6,"column":4},"end":{"line":10,"column":7}},"6":{"start":{"line":12,"column":2},"end":{"line":12,"column":16}},"7":{"start":{"line":15,"column":0},"end":{"line":15,"column":30}}},"fnMap":{"0":{"name":"(anonymous_0)","decl":{"start":{"line":3,"column":21},"end":{"line":3,"column":22}},"loc":{"start":{"line":3,"column":37},"end":{"line":13,"column":1}},"line":3},"1":{"name":"(anonymous_1)","decl":{"start":{"line":3,"column":37},"end":{"line":3,"column":38}},"loc":{"start":{"line":3,"column":57},"end":{"line":13,"column":1}},"line":3}},"branchMap":{"0":{"loc":{"start":{"line":5,"column":2},"end":{"line":11,"column":3}},"type":"if","locations":[{"start":{"line":5,"column":2},"end":{"line":11,"column":3}},{"start":{"line":5,"column":2},"end":{"line":11,"column":3}}],"line":5}},"s":{"0":3,"1":3,"2":6,"3":2,"4":2,"5":1,"6":1,"7":3},"f":{"0":6,"1":2},"b":{"0":[1,1]},"_coverageSchema":"1a1c01bbd47fc00a2c39e90264f33305004495a9","hash":"1801696568be29bd5d8cefbaeaabc7d2c7956996"}
,"/Users/gil/Documents/GitHub/nodejs-homework-node-contacts/helper/upload-avatar.js": {"path":"/Users/gil/Documents/GitHub/nodejs-homework-node-contacts/helper/upload-avatar.js","statementMap":{"0":{"start":{"line":1,"column":15},"end":{"line":1,"column":32}},"1":{"start":{"line":2,"column":13},"end":{"line":2,"column":28}},"2":{"start":{"line":3,"column":0},"end":{"line":3,"column":27}},"3":{"start":{"line":4,"column":19},"end":{"line":4,"column":67}},"4":{"start":{"line":6,"column":16},"end":{"line":14,"column":2}},"5":{"start":{"line":8,"column":4},"end":{"line":8,"column":25}},"6":{"start":{"line":11,"column":4},"end":{"line":11,"column":32}},"7":{"start":{"line":16,"column":15},"end":{"line":29,"column":2}},"8":{"start":{"line":20,"column":4},"end":{"line":23,"column":5}},"9":{"start":{"line":21,"column":6},"end":{"line":21,"column":21}},"10":{"start":{"line":22,"column":6},"end":{"line":22,"column":13}},"11":{"start":{"line":25,"column":16},"end":{"line":25,"column":58}},"12":{"start":{"line":26,"column":4},"end":{"line":26,"column":21}},"13":{"start":{"line":27,"column":4},"end":{"line":27,"column":12}},"14":{"start":{"line":31,"column":0},"end":{"line":31,"column":24}}},"fnMap":{"0":{"name":"(anonymous_0)","decl":{"start":{"line":7,"column":15},"end":{"line":7,"column":16}},"loc":{"start":{"line":7,"column":40},"end":{"line":9,"column":3}},"line":7},"1":{"name":"(anonymous_1)","decl":{"start":{"line":10,"column":12},"end":{"line":10,"column":13}},"loc":{"start":{"line":10,"column":37},"end":{"line":13,"column":3}},"line":10},"2":{"name":"(anonymous_2)","decl":{"start":{"line":19,"column":14},"end":{"line":19,"column":15}},"loc":{"start":{"line":19,"column":33},"end":{"line":28,"column":3}},"line":19}},"branchMap":{"0":{"loc":{"start":{"line":20,"column":4},"end":{"line":23,"column":5}},"type":"if","locations":[{"start":{"line":20,"column":4},"end":{"line":23,"column":5}},{"start":{"line":20,"column":4},"end":{"line":23,"column":5}}],"line":20}},"s":{"0":2,"1":2,"2":2,"3":2,"4":2,"5":1,"6":1,"7":2,"8":1,"9":1,"10":1,"11":0,"12":0,"13":0,"14":2},"f":{"0":1,"1":1,"2":1},"b":{"0":[1,0]},"_coverageSchema":"1a1c01bbd47fc00a2c39e90264f33305004495a9","hash":"85087a484f34181fb1ac37708e49721be296fab0"}
,"/Users/gil/Documents/GitHub/nodejs-homework-node-contacts/model/users.js": {"path":"/Users/gil/Documents/GitHub/nodejs-homework-node-contacts/model/users.js","statementMap":{"0":{"start":{"line":1,"column":13},"end":{"line":1,"column":45}},"1":{"start":{"line":3,"column":17},"end":{"line":5,"column":1}},"2":{"start":{"line":4,"column":2},"end":{"line":4,"column":42}},"3":{"start":{"line":7,"column":20},"end":{"line":9,"column":1}},"4":{"start":{"line":8,"column":2},"end":{"line":8,"column":39}},"5":{"start":{"line":11,"column":16},"end":{"line":14,"column":1}},"6":{"start":{"line":12,"column":15},"end":{"line":12,"column":36}},"7":{"start":{"line":13,"column":2},"end":{"line":13,"column":27}},"8":{"start":{"line":16,"column":20},"end":{"line":18,"column":1}},"9":{"start":{"line":17,"column":2},"end":{"line":17,"column":54}},"10":{"start":{"line":20,"column":27},"end":{"line":22,"column":1}},"11":{"start":{"line":21,"column":2},"end":{"line":21,"column":55}},"12":{"start":{"line":24,"column":21},"end":{"line":26,"column":1}},"13":{"start":{"line":25,"column":2},"end":{"line":25,"column":70}},"14":{"start":{"line":28,"column":0},"end":{"line":35,"column":2}}},"fnMap":{"0":{"name":"(anonymous_0)","decl":{"start":{"line":3,"column":17},"end":{"line":3,"column":18}},"loc":{"start":{"line":3,"column":29},"end":{"line":5,"column":1}},"line":3},"1":{"name":"(anonymous_1)","decl":{"start":{"line":7,"column":20},"end":{"line":7,"column":21}},"loc":{"start":{"line":7,"column":35},"end":{"line":9,"column":1}},"line":7},"2":{"name":"(anonymous_2)","decl":{"start":{"line":11,"column":16},"end":{"line":11,"column":17}},"loc":{"start":{"line":11,"column":37},"end":{"line":14,"column":1}},"line":11},"3":{"name":"(anonymous_3)","decl":{"start":{"line":16,"column":20},"end":{"line":16,"column":21}},"loc":{"start":{"line":16,"column":41},"end":{"line":18,"column":1}},"line":16},"4":{"name":"(anonymous_4)","decl":{"start":{"line":20,"column":27},"end":{"line":20,"column":28}},"loc":{"start":{"line":20,"column":49},"end":{"line":22,"column":1}},"line":20},"5":{"name":"(anonymous_5)","decl":{"start":{"line":24,"column":21},"end":{"line":24,"column":22}},"loc":{"start":{"line":24,"column":65},"end":{"line":26,"column":1}},"line":24}},"branchMap":{"0":{"loc":{"start":{"line":24,"column":40},"end":{"line":24,"column":60}},"type":"default-arg","locations":[{"start":{"line":24,"column":56},"end":{"line":24,"column":60}}],"line":24}},"s":{"0":1,"1":1,"2":0,"3":1,"4":0,"5":1,"6":0,"7":0,"8":1,"9":0,"10":1,"11":0,"12":1,"13":0,"14":1},"f":{"0":0,"1":0,"2":0,"3":0,"4":0,"5":0},"b":{"0":[0]},"_coverageSchema":"1a1c01bbd47fc00a2c39e90264f33305004495a9","hash":"cb446b00f02964ebc629797606695e556536894f"}
,"/Users/gil/Documents/GitHub/nodejs-homework-node-contacts/model/schemas/user-schema.js": {"path":"/Users/gil/Documents/GitHub/nodejs-homework-node-contacts/model/schemas/user-schema.js","statementMap":{"0":{"start":{"line":1,"column":17},"end":{"line":1,"column":36}},"1":{"start":{"line":2,"column":26},"end":{"line":2,"column":34}},"2":{"start":{"line":3,"column":17},"end":{"line":3,"column":36}},"3":{"start":{"line":4,"column":15},"end":{"line":4,"column":34}},"4":{"start":{"line":5,"column":20},"end":{"line":5,"column":21}},"5":{"start":{"line":6,"column":25},"end":{"line":6,"column":58}},"6":{"start":{"line":8,"column":19},"end":{"line":49,"column":1}},"7":{"start":{"line":19,"column":19},"end":{"line":19,"column":71}},"8":{"start":{"line":20,"column":8},"end":{"line":20,"column":52}},"9":{"start":{"line":38,"column":8},"end":{"line":38,"column":60}},"10":{"start":{"line":51,"column":0},"end":{"line":57,"column":3}},"11":{"start":{"line":52,"column":2},"end":{"line":55,"column":3}},"12":{"start":{"line":53,"column":17},"end":{"line":53,"column":54}},"13":{"start":{"line":54,"column":4},"end":{"line":54,"column":59}},"14":{"start":{"line":56,"column":2},"end":{"line":56,"column":9}},"15":{"start":{"line":59,"column":0},"end":{"line":61,"column":2}},"16":{"start":{"line":60,"column":2},"end":{"line":60,"column":63}},"17":{"start":{"line":63,"column":13},"end":{"line":63,"column":38}},"18":{"start":{"line":65,"column":0},"end":{"line":65,"column":22}}},"fnMap":{"0":{"name":"(anonymous_0)","decl":{"start":{"line":18,"column":6},"end":{"line":18,"column":7}},"loc":{"start":{"line":18,"column":22},"end":{"line":21,"column":7}},"line":18},"1":{"name":"(anonymous_1)","decl":{"start":{"line":37,"column":15},"end":{"line":37,"column":16}},"loc":{"start":{"line":37,"column":27},"end":{"line":39,"column":7}},"line":37},"2":{"name":"(anonymous_2)","decl":{"start":{"line":51,"column":23},"end":{"line":51,"column":24}},"loc":{"start":{"line":51,"column":45},"end":{"line":57,"column":1}},"line":51},"3":{"name":"(anonymous_3)","decl":{"start":{"line":59,"column":35},"end":{"line":59,"column":36}},"loc":{"start":{"line":59,"column":61},"end":{"line":61,"column":1}},"line":59}},"branchMap":{"0":{"loc":{"start":{"line":52,"column":2},"end":{"line":55,"column":3}},"type":"if","locations":[{"start":{"line":52,"column":2},"end":{"line":55,"column":3}},{"start":{"line":52,"column":2},"end":{"line":55,"column":3}}],"line":52}},"s":{"0":1,"1":1,"2":1,"3":1,"4":1,"5":1,"6":1,"7":0,"8":0,"9":0,"10":1,"11":0,"12":0,"13":0,"14":0,"15":1,"16":0,"17":1,"18":1},"f":{"0":0,"1":0,"2":0,"3":0},"b":{"0":[0,0]},"_coverageSchema":"1a1c01bbd47fc00a2c39e90264f33305004495a9","hash":"0a44f22c008bf3bb3d86c037c2698d85df7c8647"}
,"/Users/gil/Documents/GitHub/nodejs-homework-node-contacts/routes/contacts/index.js": {"path":"/Users/gil/Documents/GitHub/nodejs-homework-node-contacts/routes/contacts/index.js","statementMap":{"0":{"start":{"line":1,"column":16},"end":{"line":1,"column":34}},"1":{"start":{"line":2,"column":15},"end":{"line":2,"column":31}},"2":{"start":{"line":3,"column":13},"end":{"line":3,"column":50}},"3":{"start":{"line":4,"column":18},"end":{"line":4,"column":68}},"4":{"start":{"line":5,"column":14},"end":{"line":5,"column":43}},"5":{"start":{"line":6,"column":21},"end":{"line":6,"column":57}},"6":{"start":{"line":7,"column":25},"end":{"line":7,"column":58}},"7":{"start":{"line":8,"column":21},"end":{"line":8,"column":57}},"8":{"start":{"line":10,"column":0},"end":{"line":12,"column":73}},"9":{"start":{"line":14,"column":0},"end":{"line":14,"column":72}},"10":{"start":{"line":15,"column":0},"end":{"line":20,"column":2}},"11":{"start":{"line":22,"column":0},"end":{"line":25,"column":74}},"12":{"start":{"line":27,"column":0},"end":{"line":32,"column":2}},"13":{"start":{"line":34,"column":0},"end":{"line":34,"column":24}}},"fnMap":{},"branchMap":{},"s":{"0":2,"1":2,"2":2,"3":2,"4":2,"5":2,"6":2,"7":2,"8":2,"9":2,"10":2,"11":2,"12":2,"13":2},"f":{},"b":{},"_coverageSchema":"1a1c01bbd47fc00a2c39e90264f33305004495a9","hash":"77697a5ef54072bb5a4ad67b88321a1f14db5dab"}
,"/Users/gil/Documents/GitHub/nodejs-homework-node-contacts/routes/users/index.js": {"path":"/Users/gil/Documents/GitHub/nodejs-homework-node-contacts/routes/users/index.js","statementMap":{"0":{"start":{"line":1,"column":16},"end":{"line":1,"column":34}},"1":{"start":{"line":2,"column":15},"end":{"line":2,"column":31}},"2":{"start":{"line":3,"column":13},"end":{"line":3,"column":47}},"3":{"start":{"line":4,"column":14},"end":{"line":4,"column":43}},"4":{"start":{"line":5,"column":18},"end":{"line":5,"column":47}},"5":{"start":{"line":6,"column":18},"end":{"line":6,"column":65}},"6":{"start":{"line":7,"column":21},"end":{"line":7,"column":58}},"7":{"start":{"line":8,"column":21},"end":{"line":8,"column":54}},"8":{"start":{"line":12,"column":16},"end":{"line":22,"column":2}},"9":{"start":{"line":16,"column":4},"end":{"line":20,"column":7}},"10":{"start":{"line":24,"column":0},"end":{"line":24,"column":64}},"11":{"start":{"line":25,"column":0},"end":{"line":25,"column":55}},"12":{"start":{"line":26,"column":0},"end":{"line":26,"column":43}},"13":{"start":{"line":27,"column":0},"end":{"line":27,"column":47}},"14":{"start":{"line":28,"column":0},"end":{"line":28,"column":75}},"15":{"start":{"line":29,"column":0},"end":{"line":34,"column":2}},"16":{"start":{"line":36,"column":0},"end":{"line":36,"column":24}}},"fnMap":{"0":{"name":"(anonymous_0)","decl":{"start":{"line":15,"column":11},"end":{"line":15,"column":12}},"loc":{"start":{"line":15,"column":31},"end":{"line":21,"column":3}},"line":15}},"branchMap":{},"s":{"0":2,"1":2,"2":2,"3":2,"4":2,"5":2,"6":2,"7":2,"8":2,"9":0,"10":2,"11":2,"12":2,"13":2,"14":2,"15":2,"16":2},"f":{"0":0},"b":{},"_coverageSchema":"1a1c01bbd47fc00a2c39e90264f33305004495a9","hash":"0181e1f48844b6ec5f1d724da018b849a3158927"}
,"/Users/gil/Documents/GitHub/nodejs-homework-node-contacts/validations/valid-contacts-router.js": {"path":"/Users/gil/Documents/GitHub/nodejs-homework-node-contacts/validations/valid-contacts-router.js","statementMap":{"0":{"start":{"line":1,"column":12},"end":{"line":1,"column":26}},"1":{"start":{"line":2,"column":17},"end":{"line":2,"column":36}},"2":{"start":{"line":4,"column":25},"end":{"line":16,"column":2}},"3":{"start":{"line":18,"column":27},"end":{"line":25,"column":34}},"4":{"start":{"line":27,"column":28},"end":{"line":39,"column":43}},"5":{"start":{"line":41,"column":34},"end":{"line":43,"column":2}},"6":{"start":{"line":45,"column":17},"end":{"line":53,"column":1}},"7":{"start":{"line":46,"column":2},"end":{"line":52,"column":3}},"8":{"start":{"line":47,"column":4},"end":{"line":47,"column":36}},"9":{"start":{"line":48,"column":4},"end":{"line":48,"column":18}},"10":{"start":{"line":50,"column":4},"end":{"line":50,"column":21}},"11":{"start":{"line":51,"column":4},"end":{"line":51,"column":67}},"12":{"start":{"line":55,"column":0},"end":{"line":74,"column":2}},"13":{"start":{"line":57,"column":4},"end":{"line":57,"column":60}},"14":{"start":{"line":60,"column":4},"end":{"line":60,"column":63}},"15":{"start":{"line":63,"column":4},"end":{"line":63,"column":63}},"16":{"start":{"line":66,"column":4},"end":{"line":66,"column":69}},"17":{"start":{"line":69,"column":4},"end":{"line":71,"column":5}},"18":{"start":{"line":70,"column":6},"end":{"line":70,"column":71}},"19":{"start":{"line":72,"column":4},"end":{"line":72,"column":11}}},"fnMap":{"0":{"name":"(anonymous_0)","decl":{"start":{"line":45,"column":17},"end":{"line":45,"column":18}},"loc":{"start":{"line":45,"column":46},"end":{"line":53,"column":1}},"line":45},"1":{"name":"(anonymous_1)","decl":{"start":{"line":56,"column":14},"end":{"line":56,"column":15}},"loc":{"start":{"line":56,"column":40},"end":{"line":58,"column":3}},"line":56},"2":{"name":"(anonymous_2)","decl":{"start":{"line":59,"column":16},"end":{"line":59,"column":17}},"loc":{"start":{"line":59,"column":42},"end":{"line":61,"column":3}},"line":59},"3":{"name":"(anonymous_3)","decl":{"start":{"line":62,"column":17},"end":{"line":62,"column":18}},"loc":{"start":{"line":62,"column":43},"end":{"line":64,"column":3}},"line":62},"4":{"name":"(anonymous_4)","decl":{"start":{"line":65,"column":23},"end":{"line":65,"column":24}},"loc":{"start":{"line":65,"column":49},"end":{"line":67,"column":3}},"line":65},"5":{"name":"(anonymous_5)","decl":{"start":{"line":68,"column":12},"end":{"line":68,"column":13}},"loc":{"start":{"line":68,"column":38},"end":{"line":73,"column":3}},"line":68}},"branchMap":{"0":{"loc":{"start":{"line":69,"column":4},"end":{"line":71,"column":5}},"type":"if","locations":[{"start":{"line":69,"column":4},"end":{"line":71,"column":5}},{"start":{"line":69,"column":4},"end":{"line":71,"column":5}}],"line":69}},"s":{"0":2,"1":2,"2":2,"3":2,"4":2,"5":2,"6":2,"7":10,"8":10,"9":6,"10":4,"11":4,"12":2,"13":3,"14":1,"15":6,"16":0,"17":6,"18":2,"19":4},"f":{"0":10,"1":3,"2":1,"3":6,"4":0,"5":6},"b":{"0":[2,4]},"_coverageSchema":"1a1c01bbd47fc00a2c39e90264f33305004495a9","hash":"844781f49eff43eb08151647ad27a95f67e5a755"}
,"/Users/gil/Documents/GitHub/nodejs-homework-node-contacts/validations/valid-users-router.js": {"path":"/Users/gil/Documents/GitHub/nodejs-homework-node-contacts/validations/valid-users-router.js","statementMap":{"0":{"start":{"line":1,"column":12},"end":{"line":1,"column":26}},"1":{"start":{"line":2,"column":17},"end":{"line":2,"column":36}},"2":{"start":{"line":3,"column":25},"end":{"line":3,"column":55}},"3":{"start":{"line":5,"column":25},"end":{"line":16,"column":2}},"4":{"start":{"line":18,"column":24},"end":{"line":21,"column":2}},"5":{"start":{"line":23,"column":28},"end":{"line":27,"column":2}},"6":{"start":{"line":29,"column":17},"end":{"line":40,"column":1}},"7":{"start":{"line":30,"column":2},"end":{"line":39,"column":3}},"8":{"start":{"line":31,"column":4},"end":{"line":31,"column":36}},"9":{"start":{"line":32,"column":4},"end":{"line":32,"column":18}},"10":{"start":{"line":34,"column":4},"end":{"line":34,"column":21}},"11":{"start":{"line":35,"column":4},"end":{"line":38,"column":7}},"12":{"start":{"line":42,"column":0},"end":{"line":52,"column":2}},"13":{"start":{"line":44,"column":4},"end":{"line":44,"column":60}},"14":{"start":{"line":47,"column":4},"end":{"line":47,"column":59}},"15":{"start":{"line":50,"column":4},"end":{"line":50,"column":63}}},"fnMap":{"0":{"name":"(anonymous_0)","decl":{"start":{"line":29,"column":17},"end":{"line":29,"column":18}},"loc":{"start":{"line":29,"column":46},"end":{"line":40,"column":1}},"line":29},"1":{"name":"(anonymous_1)","decl":{"start":{"line":43,"column":11},"end":{"line":43,"column":12}},"loc":{"start":{"line":43,"column":37},"end":{"line":45,"column":3}},"line":43},"2":{"name":"(anonymous_2)","decl":{"start":{"line":46,"column":13},"end":{"line":46,"column":14}},"loc":{"start":{"line":46,"column":39},"end":{"line":48,"column":3}},"line":46},"3":{"name":"(anonymous_3)","decl":{"start":{"line":49,"column":13},"end":{"line":49,"column":14}},"loc":{"start":{"line":49,"column":39},"end":{"line":51,"column":3}},"line":49}},"branchMap":{},"s":{"0":2,"1":2,"2":2,"3":2,"4":2,"5":2,"6":2,"7":4,"8":4,"9":4,"10":0,"11":0,"12":2,"13":2,"14":2,"15":0},"f":{"0":4,"1":2,"2":2,"3":0},"b":{},"_coverageSchema":"1a1c01bbd47fc00a2c39e90264f33305004495a9","hash":"4a5232659aac44f955a7cfba9560e76738088621"}
}
