TN:
SF:app.js
FN:23,(anonymous_0)
FN:47,(anonymous_1)
FN:51,(anonymous_2)
FNF:3
FNH:1
FNDA:0,(anonymous_0)
FNDA:0,(anonymous_1)
FNDA:6,(anonymous_2)
DA:1,2
DA:2,2
DA:3,2
DA:4,2
DA:5,2
DA:6,2
DA:8,2
DA:9,2
DA:10,2
DA:12,2
DA:14,2
DA:16,2
DA:17,2
DA:18,2
DA:20,2
DA:24,0
DA:32,2
DA:33,2
DA:41,2
DA:42,2
DA:44,2
DA:45,2
DA:47,2
DA:48,0
DA:51,2
DA:52,6
DA:53,6
DA:60,2
LF:28
LH:26
BRDA:14,0,0,0
BRDA:14,0,1,2
BRDA:52,1,0,6
BRDA:52,1,1,0
BRDA:54,2,0,0
BRDA:54,2,1,6
BRF:6
BRH:3
end_of_record
TN:
SF:config/password.js
FN:13,(anonymous_0)
FNF:1
FNH:1
FNDA:18,(anonymous_0)
DA:1,2
DA:2,2
DA:3,2
DA:4,2
DA:5,2
DA:7,2
DA:12,2
DA:14,18
DA:15,18
DA:16,18
DA:17,0
DA:19,18
DA:20,0
DA:22,18
DA:24,0
LF:15
LH:12
BRDA:16,0,0,0
BRDA:16,0,1,18
BRDA:19,1,0,0
BRDA:19,1,1,18
BRF:4
BRH:2
end_of_record
TN:
SF:controllers/contacts.js
FN:4,(anonymous_0)
FN:18,(anonymous_1)
FN:41,(anonymous_2)
FN:52,(anonymous_3)
FN:75,(anonymous_4)
FN:102,(anonymous_5)
FN:129,(anonymous_6)
FN:139,(anonymous_7)
FNF:8
FNH:6
FNDA:1,(anonymous_0)
FNDA:2,(anonymous_1)
FNDA:1,(anonymous_2)
FNDA:2,(anonymous_3)
FNDA:2,(anonymous_4)
FNDA:2,(anonymous_5)
FNDA:0,(anonymous_6)
FNDA:0,(anonymous_7)
DA:1,2
DA:2,2
DA:4,2
DA:5,1
DA:6,1
DA:7,1
DA:8,1
DA:14,0
DA:18,2
DA:19,2
DA:20,2
DA:21,2
DA:22,2
DA:23,1
DA:30,1
DA:37,0
DA:41,2
DA:42,1
DA:43,1
DA:44,1
DA:52,2
DA:53,2
DA:54,2
DA:55,2
DA:56,2
DA:57,1
DA:64,1
DA:71,0
DA:75,2
DA:76,2
DA:77,2
DA:78,2
DA:83,2
DA:84,1
DA:91,1
DA:98,0
DA:102,2
DA:103,2
DA:104,2
DA:105,2
DA:110,2
DA:111,1
DA:118,1
DA:125,0
DA:129,2
DA:130,0
DA:139,2
DA:140,0
DA:149,2
LF:49
LH:42
BRDA:22,0,0,1
BRDA:22,0,1,1
BRDA:56,1,0,1
BRDA:56,1,1,1
BRDA:83,2,0,1
BRDA:83,2,1,1
BRDA:110,3,0,1
BRDA:110,3,1,1
BRF:8
BRH:8
end_of_record
TN:
SF:controllers/users.js
FN:20,(anonymous_0)
FN:47,(anonymous_1)
FN:74,(anonymous_2)
FN:84,(anonymous_3)
FN:110,(anonymous_4)
FN:133,(anonymous_5)
FN:169,(anonymous_6)
FNF:7
FNH:5
FNDA:2,(anonymous_0)
FNDA:2,(anonymous_1)
FNDA:1,(anonymous_2)
FNDA:0,(anonymous_3)
FNDA:0,(anonymous_4)
FNDA:1,(anonymous_5)
FNDA:1,(anonymous_6)
DA:1,2
DA:2,2
DA:3,2
DA:4,2
DA:5,2
DA:6,2
DA:7,2
DA:8,2
DA:9,2
DA:10,2
DA:12,2
DA:18,2
DA:20,2
DA:21,2
DA:22,2
DA:23,2
DA:24,1
DA:30,1
DA:31,1
DA:32,1
DA:43,0
DA:47,2
DA:48,2
DA:49,2
DA:50,2
DA:51,2
DA:52,1
DA:58,1
DA:59,1
DA:60,1
DA:61,1
DA:74,2
DA:75,1
DA:76,1
DA:77,1
DA:78,1
DA:80,0
DA:84,2
DA:85,0
DA:86,0
DA:87,0
DA:88,0
DA:89,0
DA:98,0
DA:106,0
DA:110,2
DA:111,0
DA:112,0
DA:114,0
DA:116,0
DA:117,0
DA:129,0
DA:133,2
DA:134,1
DA:136,1
DA:137,1
DA:138,1
DA:169,2
DA:170,1
DA:173,1
DA:178,1
DA:179,1
DA:181,2
LF:63
LH:48
BRDA:23,0,0,1
BRDA:23,0,1,1
BRDA:51,1,0,1
BRDA:51,1,1,1
BRDA:51,2,0,2
BRDA:51,2,1,1
BRDA:88,3,0,0
BRDA:88,3,1,0
BRDA:116,4,0,0
BRDA:116,4,1,0
BRF:10
BRH:6
end_of_record
TN:
SF:helper/constants.js
FNF:0
FNH:0
DA:1,3
DA:7,3
DA:19,3
LF:3
LH:3
BRF:0
BRH:0
end_of_record
TN:
SF:helper/guard.js
FN:5,(anonymous_0)
FN:6,(anonymous_1)
FNF:2
FNH:2
FNDA:18,(anonymous_0)
FNDA:18,(anonymous_1)
DA:1,2
DA:2,2
DA:3,2
DA:5,2
DA:6,18
DA:7,18
DA:8,18
DA:9,18
DA:12,18
DA:13,0
DA:19,18
DA:21,18
DA:25,2
LF:13
LH:12
BRDA:8,0,0,18
BRDA:8,0,1,0
BRDA:12,1,0,0
BRDA:12,1,1,18
BRDA:12,2,0,18
BRDA:12,2,1,18
BRDA:12,2,2,18
BRF:7
BRH:5
end_of_record
TN:
SF:helper/helper-error.js
FN:1,(anonymous_0)
FN:1,(anonymous_1)
FNF:2
FNH:2
FNDA:2,(anonymous_0)
FNDA:1,(anonymous_1)
DA:1,2
DA:2,1
DA:3,1
DA:4,1
DA:6,0
DA:7,0
DA:9,0
DA:13,2
LF:8
LH:5
BRDA:6,0,0,0
BRDA:6,0,1,0
BRF:2
BRH:0
end_of_record
TN:
SF:helper/subscription.js
FN:3,(anonymous_0)
FN:3,(anonymous_1)
FNF:2
FNH:2
FNDA:6,(anonymous_0)
FNDA:2,(anonymous_1)
DA:1,3
DA:3,6
DA:4,2
DA:5,2
DA:6,1
DA:12,1
DA:15,3
LF:7
LH:7
BRDA:5,0,0,1
BRDA:5,0,1,1
BRF:2
BRH:2
end_of_record
TN:
SF:helper/upload-avatar.js
FN:7,(anonymous_0)
FN:10,(anonymous_1)
FN:19,(anonymous_2)
FNF:3
FNH:3
FNDA:1,(anonymous_0)
FNDA:1,(anonymous_1)
FNDA:1,(anonymous_2)
DA:1,2
DA:2,2
DA:3,2
DA:4,2
DA:6,2
DA:8,1
DA:11,1
DA:16,2
DA:20,1
DA:21,1
DA:22,1
DA:25,0
DA:26,0
DA:27,0
DA:31,2
LF:15
LH:12
BRDA:20,0,0,1
BRDA:20,0,1,0
BRF:2
BRH:1
end_of_record
TN:
SF:routes/contacts/index.js
FNF:0
FNH:0
DA:1,2
DA:2,2
DA:3,2
DA:4,2
DA:5,2
DA:6,2
DA:7,2
DA:8,2
DA:10,2
DA:14,2
DA:15,2
DA:22,2
DA:27,2
DA:34,2
LF:14
LH:14
BRF:0
BRH:0
end_of_record
TN:
SF:routes/users/index.js
FN:15,(anonymous_0)
FNF:1
FNH:0
FNDA:0,(anonymous_0)
DA:1,2
DA:2,2
DA:3,2
DA:4,2
DA:5,2
DA:6,2
DA:7,2
DA:8,2
DA:12,2
DA:16,0
DA:24,2
DA:25,2
DA:26,2
DA:27,2
DA:28,2
DA:29,2
DA:36,2
LF:17
LH:16
BRF:0
BRH:0
end_of_record
TN:
SF:validations/valid-contacts-router.js
FN:45,(anonymous_0)
FN:56,(anonymous_1)
FN:59,(anonymous_2)
FN:62,(anonymous_3)
FN:65,(anonymous_4)
FN:68,(anonymous_5)
FNF:6
FNH:5
FNDA:10,(anonymous_0)
FNDA:3,(anonymous_1)
FNDA:1,(anonymous_2)
FNDA:6,(anonymous_3)
FNDA:0,(anonymous_4)
FNDA:6,(anonymous_5)
DA:1,2
DA:2,2
DA:4,2
DA:18,2
DA:27,2
DA:41,2
DA:45,2
DA:46,10
DA:47,10
DA:48,6
DA:50,4
DA:51,4
DA:55,2
DA:57,3
DA:60,1
DA:63,6
DA:66,0
DA:69,6
DA:70,2
DA:72,4
LF:20
LH:19
BRDA:69,0,0,2
BRDA:69,0,1,4
BRF:2
BRH:2
end_of_record
TN:
SF:validations/valid-users-router.js
FN:29,(anonymous_0)
FN:43,(anonymous_1)
FN:46,(anonymous_2)
FN:49,(anonymous_3)
FNF:4
FNH:3
FNDA:4,(anonymous_0)
FNDA:2,(anonymous_1)
FNDA:2,(anonymous_2)
FNDA:0,(anonymous_3)
DA:1,2
DA:2,2
DA:3,2
DA:5,2
DA:18,2
DA:23,2
DA:29,2
DA:30,4
DA:31,4
DA:32,4
DA:34,0
DA:35,0
DA:42,2
DA:44,2
DA:47,2
DA:50,0
LF:16
LH:13
BRF:0
BRH:0
end_of_record
